c:\users\dell\desktop\vlmcsd\visualstudio\vlmcs\x64\release\vc120.pdb
c:\users\dell\desktop\vlmcsd\bin\vlmcs-windows-x64.exe
c:\users\dell\desktop\vlmcsd\visualstudio\vlmcs\x64\release\crypto.obj
c:\users\dell\desktop\vlmcsd\visualstudio\vlmcs\x64\release\crypto_windows.obj
c:\users\dell\desktop\vlmcsd\visualstudio\vlmcs\x64\release\dns_srv.obj
c:\users\dell\desktop\vlmcsd\visualstudio\vlmcs\x64\release\endian.obj
c:\users\dell\desktop\vlmcsd\visualstudio\vlmcs\x64\release\helpers.obj
c:\users\dell\desktop\vlmcsd\visualstudio\vlmcs\x64\release\kms.obj
c:\users\dell\desktop\vlmcsd\visualstudio\vlmcs\x64\release\kmsdata-full.obj
c:\users\dell\desktop\vlmcsd\visualstudio\vlmcs\x64\release\network.obj
c:\users\dell\desktop\vlmcsd\visualstudio\vlmcs\x64\release\output.obj
c:\users\dell\desktop\vlmcsd\visualstudio\vlmcs\x64\release\rpc.obj
c:\users\dell\desktop\vlmcsd\visualstudio\vlmcs\x64\release\shared_globals.obj
c:\users\dell\desktop\vlmcsd\visualstudio\vlmcs\x64\release\vlmcs.obj
c:\users\dell\desktop\vlmcsd\visualstudio\vlmcs\x64\release\wingetopt.obj
c:\users\dell\desktop\vlmcsd\visualstudio\..\bin\vlmcs-windows-x64.exe
c:\users\dell\desktop\vlmcsd\visualstudio\vlmcs\x64\release\vlmcs-windows.tlog\cl.command.1.tlog
c:\users\dell\desktop\vlmcsd\visualstudio\vlmcs\x64\release\vlmcs-windows.tlog\cl.read.1.tlog
c:\users\dell\desktop\vlmcsd\visualstudio\vlmcs\x64\release\vlmcs-windows.tlog\cl.write.1.tlog
c:\users\dell\desktop\vlmcsd\visualstudio\vlmcs\x64\release\vlmcs-windows.tlog\link.command.1.tlog
c:\users\dell\desktop\vlmcsd\visualstudio\vlmcs\x64\release\vlmcs-windows.tlog\link.read.1.tlog
c:\users\dell\desktop\vlmcsd\visualstudio\vlmcs\x64\release\vlmcs-windows.tlog\link.write.1.tlog
