c:\users\dell\desktop\vlmcsd\visualstudio\vlmcsd\x64\debug\vc141.pdb
c:\users\dell\desktop\vlmcsd\visualstudio\vlmcsd\x64\debug\vc141.idb
c:\users\dell\desktop\vlmcsd\visualstudio\vlmcsd\x64\debug\ntservice.obj
c:\users\dell\desktop\vlmcsd\visualstudio\vlmcsd\x64\debug\endian.obj
c:\users\dell\desktop\vlmcsd\visualstudio\vlmcsd\x64\debug\kms.obj
c:\users\dell\desktop\vlmcsd\visualstudio\vlmcsd\x64\debug\rpc.obj
c:\users\dell\desktop\vlmcsd\visualstudio\vlmcsd\x64\debug\wingetopt.obj
c:\users\dell\desktop\vlmcsd\visualstudio\vlmcsd\x64\debug\crypto_windows.obj
c:\users\dell\desktop\vlmcsd\visualstudio\vlmcsd\x64\debug\kmsdata.obj
c:\users\dell\desktop\vlmcsd\visualstudio\vlmcsd\x64\debug\shared_globals.obj
c:\users\dell\desktop\vlmcsd\visualstudio\vlmcsd\x64\debug\helpers.obj
c:\users\dell\desktop\vlmcsd\visualstudio\vlmcsd\x64\debug\output.obj
c:\users\dell\desktop\vlmcsd\visualstudio\vlmcsd\x64\debug\vlmcsd.obj
c:\users\dell\desktop\vlmcsd\visualstudio\vlmcsd\x64\debug\crypto.obj
c:\users\dell\desktop\vlmcsd\visualstudio\vlmcsd\x64\debug\network.obj
c:\users\dell\desktop\vlmcsd\visualstudio\vlmcsd\x64\debug\wintap.obj
c:\users\dell\desktop\vlmcsd\visualstudio\x64\debug\vlmcsd-windows.ilk
c:\users\dell\desktop\vlmcsd\visualstudio\x64\debug\vlmcsd-windows.exe
c:\users\dell\desktop\vlmcsd\visualstudio\x64\debug\vlmcsd-windows.pdb
c:\users\dell\desktop\vlmcsd\visualstudio\vlmcsd\x64\debug\vlmcsd-windows.tlog\cl.command.1.tlog
c:\users\dell\desktop\vlmcsd\visualstudio\vlmcsd\x64\debug\vlmcsd-windows.tlog\cl.read.1.tlog
c:\users\dell\desktop\vlmcsd\visualstudio\vlmcsd\x64\debug\vlmcsd-windows.tlog\cl.write.1.tlog
c:\users\dell\desktop\vlmcsd\visualstudio\vlmcsd\x64\debug\vlmcsd-windows.tlog\link.command.1.tlog
c:\users\dell\desktop\vlmcsd\visualstudio\vlmcsd\x64\debug\vlmcsd-windows.tlog\link.read.1.tlog
c:\users\dell\desktop\vlmcsd\visualstudio\vlmcsd\x64\debug\vlmcsd-windows.tlog\link.write.1.tlog
