c:\users\apple\desktop\vlmcsd\visualstudio\vlmcsd\x64\release\vc120.pdb
c:\users\apple\desktop\vlmcsd\bin\keymanagementserver.exe
c:\users\apple\desktop\vlmcsd\visualstudio\vlmcsd\x64\release\crypto.cod
c:\users\apple\desktop\vlmcsd\visualstudio\vlmcsd\x64\release\crypto_windows.cod
c:\users\apple\desktop\vlmcsd\visualstudio\vlmcsd\x64\release\endian.cod
c:\users\apple\desktop\vlmcsd\visualstudio\vlmcsd\x64\release\helpers.cod
c:\users\apple\desktop\vlmcsd\visualstudio\vlmcsd\x64\release\kms.cod
c:\users\apple\desktop\vlmcsd\visualstudio\vlmcsd\x64\release\kmsdata.cod
c:\users\apple\desktop\vlmcsd\visualstudio\vlmcsd\x64\release\network.cod
c:\users\apple\desktop\vlmcsd\visualstudio\vlmcsd\x64\release\ntservice.cod
c:\users\apple\desktop\vlmcsd\visualstudio\vlmcsd\x64\release\output.cod
c:\users\apple\desktop\vlmcsd\visualstudio\vlmcsd\x64\release\rpc.cod
c:\users\apple\desktop\vlmcsd\visualstudio\vlmcsd\x64\release\shared_globals.cod
c:\users\apple\desktop\vlmcsd\visualstudio\vlmcsd\x64\release\vlmcsd.cod
c:\users\apple\desktop\vlmcsd\visualstudio\vlmcsd\x64\release\wingetopt.cod
c:\users\apple\desktop\vlmcsd\visualstudio\vlmcsd\x64\release\wintap.cod
c:\users\apple\desktop\vlmcsd\visualstudio\vlmcsd\x64\release\crypto.obj
c:\users\apple\desktop\vlmcsd\visualstudio\vlmcsd\x64\release\crypto_windows.obj
c:\users\apple\desktop\vlmcsd\visualstudio\vlmcsd\x64\release\endian.obj
c:\users\apple\desktop\vlmcsd\visualstudio\vlmcsd\x64\release\helpers.obj
c:\users\apple\desktop\vlmcsd\visualstudio\vlmcsd\x64\release\kms.obj
c:\users\apple\desktop\vlmcsd\visualstudio\vlmcsd\x64\release\kmsdata.obj
c:\users\apple\desktop\vlmcsd\visualstudio\vlmcsd\x64\release\network.obj
c:\users\apple\desktop\vlmcsd\visualstudio\vlmcsd\x64\release\ntservice.obj
c:\users\apple\desktop\vlmcsd\visualstudio\vlmcsd\x64\release\output.obj
c:\users\apple\desktop\vlmcsd\visualstudio\vlmcsd\x64\release\rpc.obj
c:\users\apple\desktop\vlmcsd\visualstudio\vlmcsd\x64\release\shared_globals.obj
c:\users\apple\desktop\vlmcsd\visualstudio\vlmcsd\x64\release\vlmcsd.obj
c:\users\apple\desktop\vlmcsd\visualstudio\vlmcsd\x64\release\wingetopt.obj
c:\users\apple\desktop\vlmcsd\visualstudio\vlmcsd\x64\release\wintap.obj
c:\users\apple\desktop\vlmcsd\visualstudio\..\bin\keymanagementserver.exe
c:\users\apple\desktop\vlmcsd\visualstudio\vlmcsd\x64\release\vlmcsd-windows.tlog\cl.command.1.tlog
c:\users\apple\desktop\vlmcsd\visualstudio\vlmcsd\x64\release\vlmcsd-windows.tlog\cl.read.1.tlog
c:\users\apple\desktop\vlmcsd\visualstudio\vlmcsd\x64\release\vlmcsd-windows.tlog\cl.write.1.tlog
c:\users\apple\desktop\vlmcsd\visualstudio\vlmcsd\x64\release\vlmcsd-windows.tlog\link.command.1.tlog
c:\users\apple\desktop\vlmcsd\visualstudio\vlmcsd\x64\release\vlmcsd-windows.tlog\link.read.1.tlog
c:\users\apple\desktop\vlmcsd\visualstudio\vlmcsd\x64\release\vlmcsd-windows.tlog\link.write.1.tlog
